<?xml version='1.0' encoding='UTF-8'?>
<testsuite hostname="DESKTOP-1548S09" name="edu.neu.coe.csye7200.asstwc.MonadOpsSpec" tests="21" errors="0" failures="0" skipped="0" time="0.174" timestamp="2020-11-13T20:27:23">
                     <properties>
      <property name="awt.toolkit" value="sun.awt.windows.WToolkit"/><property name="java.specification.version" value="11"/><property name="sun.cpu.isalist" value="amd64"/><property name="sun.jnu.encoding" value="Cp1252"/><property name="sun.arch.data.model" value="64"/><property name="sbt.supershell" value="false"/><property name="java.vendor.url" value="https://openjdk.java.net/"/><property name="sun.boot.library.path" value="E:\Program Files\Java\jdk-11.0.8\bin"/><property name="sun.java.command" value="C:\Users\User\AppData\Roaming\JetBrains\IdeaIC2020.2\plugins\Scala\launcher\sbt-launch.jar early(addPluginSbtFile=&quot;&quot;&quot;C:\Users\User\AppData\Local\Temp\idea1.sbt&quot;&quot;&quot;) ; set ideaPort in Global := 52587 ; idea-shell"/><property name="jdk.debug" value="release"/><property name="sun.stderr.encoding" value="cp437"/><property name="java.specification.vendor" value="Oracle Corporation"/><property name="java.version.date" value="2020-07-14"/><property name="java.home" value="E:\Program Files\Java\jdk-11.0.8"/><property name="file.separator" value="\"/><property name="java.vm.compressedOopsMode" value="32-bit"/><property name="line.separator" value="
"/><property name="sun.stdout.encoding" value="cp437"/><property name="java.specification.name" value="Java Platform API Specification"/><property name="java.vm.specification.vendor" value="Oracle Corporation"/><property name="user.script" value=""/><property name="sun.management.compiler" value="HotSpot 64-Bit Tiered Compilers"/><property name="java.runtime.version" value="11.0.8+10-LTS"/><property name="user.name" value="User"/><property name="log4j.ignoreTCL" value="true"/><property name="file.encoding" value="UTF-8"/><property name="java.vendor.version" value="18.9"/><property name="java.io.tmpdir" value="C:\Users\User\AppData\Local\Temp\"/><property name="java.version" value="11.0.8"/><property name="java.vm.specification.name" value="Java Virtual Machine Specification"/><property name="java.awt.printerjob" value="sun.awt.windows.WPrinterJob"/><property name="sun.os.patch.level" value=""/><property name="java.library.path" value="E:\Program Files\Java\jdk-11.0.8\bin;C:\WINDOWS\Sun\Java\bin;C:\WINDOWS\system32;C:\WINDOWS;E:\Program Files\Java\jdk-11.0.8\bin;C:\Program Files\Common Files\Oracle\Java\javapath;C:\Program Files\Microsoft MPI\Bin\;C:\Program Files (x86)\PharosSystems\Core;D:\Rajendra_Kumar\Anaconda\Lib;D:\Rajendra_Kumar\Anaconda\Scripts;C:\WINDOWS\system32;C:\Program Files\Git\cmd;C:\Program Files\Intel\WiFi\bin\;C:\Program Files\Common Files\Intel\WirelessCommon\;C:\WINDOWS;C:\WINDOWS\System32\Wbem;C:\WINDOWS\System32\WindowsPowerShell\v1.0\;C:\WINDOWS\System32\OpenSSH\;C:\Program Files\Common Files\Tom Sawyer Software\10.0.0;E:\Program Files (x86)\Microsoft SQL Server\150\Tools\Binn\;E:\Program Files\Microsoft SQL Server\150\Tools\Binn\;E:\Program Files (x86)\Microsoft SQL Server\150\DTS\Binn\;E:\Program Files\Microsoft SQL Server\150\DTS\Binn\;E:\Program Files\Microsoft SQL Server\Client SDK\ODBC\170\Tools\Binn\;E:\Program Files\Microsoft SQL Server\130\Tools\Binn\;E:\Program Files (x86)\Microsoft SQL Server\110\DTS\Binn\;E:\Program Files (x86)\Microsoft SQL Server\120\DTS\Binn\;E:\Program Files (x86)\Microsoft SQL Server\130\DTS\Binn\;E:\Program Files (x86)\Microsoft SQL Server\140\DTS\Binn\;C:\Program Files\apache-ant-1.8.2-bin\apache-ant-1.8.2\bin;C:\Program Files\Java\jdk-13.0.2\bin;C:\Program Files (x86)\Java\jdk1.7.0_80;E:\Program Files (x86)\scala\bin;E:\Program Files (x86)\scala\bin;E:\Program Files (x86)\sbt\bin;D:\Rajendra_Kumar\Anaconda\Lib;D:\Rajendra_Kumar\Anaconda\Scripts;C:\Program Files\Intel\WiFi\bin\;C:\Program Files\Common Files\Intel\WirelessCommon\;C:\Users\User\AppData\Local\Microsoft\WindowsApps;E:\Program Files\Java\jdk-11.0.8\bin;C:\Program Files\apache-ant-1.8.2-bin\apache-ant-1.8.2\bin;C:\Program Files\Java\jdk-13.0.2\bin;C:\Program Files (x86)\Java\jdk1.7.0_80;;."/><property name="java.vendor" value="Oracle Corporation"/><property name="sun.io.unicode.encoding" value="UnicodeLittle"/><property name="sun.desktop" value="windows"/><property name="java.class.path" value="C:\Users\User\AppData\Roaming\JetBrains\IdeaIC2020.2\plugins\Scala\launcher\sbt-launch.jar"/><property name="java.vm.vendor" value="Oracle Corporation"/><property name="user.variant" value=""/><property name="jline.shutdownhook" value="false"/><property name="user.timezone" value="America/New_York"/><property name="os.name" value="Windows 10"/><property name="java.vm.specification.version" value="11"/><property name="sun.java.launcher" value="SUN_STANDARD"/><property name="user.country" value="US"/><property name="sun.cpu.endian" value="little"/><property name="user.home" value="C:\Users\User"/><property name="user.language" value="en"/><property name="sbt.version" value="1.3.8"/><property name="swoval.tmpdir" value="C:\Users\User\.sbt\1.0"/><property name="java.awt.graphicsenv" value="sun.awt.Win32GraphicsEnvironment"/><property name="jline.esc.timeout" value="0"/><property name="path.separator" value=";"/><property name="os.version" value="10.0"/><property name="jna.nosys" value="true"/><property name="java.runtime.name" value="Java(TM) SE Runtime Environment"/><property name="sbt.log.noformat" value="true"/><property name="java.vm.name" value="Java HotSpot(TM) 64-Bit Server VM"/><property name="java.vendor.url.bug" value="https://bugreport.java.com/bugreport/"/><property name="user.dir" value="E:\Scala_Updated2\CSYE7200\assignment-web-crawler"/><property name="os.arch" value="amd64"/><property name="idea.managed" value="true"/><property name="java.vm.info" value="mixed mode"/><property name="java.vm.version" value="11.0.8+10-LTS"/><property name="java.class.version" value="55.0"/>
    </properties>
                     <testcase classname="edu.neu.coe.csye7200.asstwc.MonadOpsSpec" name="LiftFuture should work" time="0.071">
                                                 
                                               </testcase><testcase classname="edu.neu.coe.csye7200.asstwc.MonadOpsSpec" name="AsFuture should work" time="0.001">
                                                 
                                               </testcase><testcase classname="edu.neu.coe.csye7200.asstwc.MonadOpsSpec" name="SequenceForgivingWithLogging should work" time="0.008">
                                                 
                                               </testcase><testcase classname="edu.neu.coe.csye7200.asstwc.MonadOpsSpec" name="SequenceWithLogging should work" time="0.001">
                                                 
                                               </testcase><testcase classname="edu.neu.coe.csye7200.asstwc.MonadOpsSpec" name="SequenceForgiving should work" time="0.006">
                                                 
                                               </testcase><testcase classname="edu.neu.coe.csye7200.asstwc.MonadOpsSpec" name="LiftTry should work" time="0.002">
                                                 
                                               </testcase><testcase classname="edu.neu.coe.csye7200.asstwc.MonadOpsSpec" name="zip(Option,Option) should succeed" time="0.004">
                                                 
                                               </testcase><testcase classname="edu.neu.coe.csye7200.asstwc.MonadOpsSpec" name="zip(Try,Try) should succeed" time="0.005">
                                                 
                                               </testcase><testcase classname="edu.neu.coe.csye7200.asstwc.MonadOpsSpec" name="zip(Future,Future) should succeed" time="0.023">
                                                 
                                               </testcase><testcase classname="edu.neu.coe.csye7200.asstwc.MonadOpsSpec" name="OptionToTry should work1" time="0.005">
                                                 
                                               </testcase><testcase classname="edu.neu.coe.csye7200.asstwc.MonadOpsSpec" name="OptionToTry should work2" time="0.003">
                                                 
                                               </testcase><testcase classname="edu.neu.coe.csye7200.asstwc.MonadOpsSpec" name="Sequence should work1" time="0.002">
                                                 
                                               </testcase><testcase classname="edu.neu.coe.csye7200.asstwc.MonadOpsSpec" name="Sequence should work2" time="0.0">
                                                 
                                               </testcase><testcase classname="edu.neu.coe.csye7200.asstwc.MonadOpsSpec" name="Sequence should work3" time="0.001">
                                                 
                                               </testcase><testcase classname="edu.neu.coe.csye7200.asstwc.MonadOpsSpec" name="Sequence should work4" time="0.01">
                                                 
                                               </testcase><testcase classname="edu.neu.coe.csye7200.asstwc.MonadOpsSpec" name="Sequence should work5" time="0.003">
                                                 
                                               </testcase><testcase classname="edu.neu.coe.csye7200.asstwc.MonadOpsSpec" name="LiftOption should work" time="0.002">
                                                 
                                               </testcase><testcase classname="edu.neu.coe.csye7200.asstwc.MonadOpsSpec" name="Map2 should work" time="0.002">
                                                 
                                               </testcase><testcase classname="edu.neu.coe.csye7200.asstwc.MonadOpsSpec" name="Flatten should work1" time="0.002">
                                                 
                                               </testcase><testcase classname="edu.neu.coe.csye7200.asstwc.MonadOpsSpec" name="Flatten should work2" time="0.017">
                                                 
                                               </testcase><testcase classname="edu.neu.coe.csye7200.asstwc.MonadOpsSpec" name="Flatten should work3" time="0.006">
                                                 
                                               </testcase>
                     <system-out><![CDATA[]]></system-out>
                     <system-err><![CDATA[]]></system-err>
                   </testsuite>